[24-Jan-2024 13:57:44 UTC] PHP Warning:  require(D:\dylibso\php-sdk\vendor\composer/../../src/ReflectionUtils.php): Failed to open stream: No such file or directory in D:\dylibso\php-sdk\vendor\composer\autoload_real.php on line 41
[24-Jan-2024 13:57:44 UTC] PHP Fatal error:  Uncaught Error: Failed opening required 'D:\dylibso\php-sdk\vendor\composer/../../src/ReflectionUtils.php' (include_path='.;C:\php\pear') in D:\dylibso\php-sdk\vendor\composer\autoload_real.php:41
Stack trace:
#0 D:\dylibso\php-sdk\vendor\composer\autoload_real.php(45): {closure}()
#1 D:\dylibso\php-sdk\vendor\autoload.php(25): ComposerAutoloaderInit56725120efbd0aecff00159bb5958fc9::getLoader()
#2 D:\dylibso\php-sdk\vendor\phpunit\phpunit\phpunit(72): require('...')
#3 D:\dylibso\php-sdk\vendor\bin\phpunit(122): include('...')
#4 {main}
  thrown in D:\dylibso\php-sdk\vendor\composer\autoload_real.php on line 41
[24-Jan-2024 14:02:31 UTC] PHP Fatal error:  Throwing from FFI callbacks is not allowed in D:\dylibso\php-sdk\src\LibExtism.php on line 101
[24-Jan-2024 14:04:51 UTC] PHP Fatal error:  Throwing from FFI callbacks is not allowed in D:\dylibso\php-sdk\src\LibExtism.php on line 101
[24-Jan-2024 14:04:57 UTC] PHP Fatal error:  Throwing from FFI callbacks is not allowed in D:\dylibso\php-sdk\src\LibExtism.php on line 101
[24-Jan-2024 14:05:54 UTC] PHP Fatal error:  Throwing from FFI callbacks is not allowed in D:\dylibso\php-sdk\src\LibExtism.php on line 101
[24-Jan-2024 14:06:08 UTC] PHP Fatal error:  Throwing from FFI callbacks is not allowed in D:\dylibso\php-sdk\src\LibExtism.php on line 101
[24-Jan-2024 14:06:42 UTC] PHP Fatal error:  Throwing from FFI callbacks is not allowed in D:\dylibso\php-sdk\src\LibExtism.php on line 101
[24-Jan-2024 14:07:12 UTC] PHP Fatal error:  Throwing from FFI callbacks is not allowed in D:\dylibso\php-sdk\src\LibExtism.php on line 101
[24-Jan-2024 14:07:44 UTC] PHP Fatal error:  Throwing from FFI callbacks is not allowed in D:\dylibso\php-sdk\src\LibExtism.php on line 101
[24-Jan-2024 14:08:04 UTC] PHP Fatal error:  Throwing from FFI callbacks is not allowed in D:\dylibso\php-sdk\src\LibExtism.php on line 101
[24-Jan-2024 14:08:26 UTC] PHP Fatal error:  Throwing from FFI callbacks is not allowed in D:\dylibso\php-sdk\src\LibExtism.php on line 101
[24-Jan-2024 14:08:57 UTC] PHP Fatal error:  Throwing from FFI callbacks is not allowed in D:\dylibso\php-sdk\src\LibExtism.php on line 101
[24-Jan-2024 14:09:24 UTC] PHP Fatal error:  Throwing from FFI callbacks is not allowed in D:\dylibso\php-sdk\src\LibExtism.php on line 101
[24-Jan-2024 14:09:42 UTC] PHP Fatal error:  Throwing from FFI callbacks is not allowed in D:\dylibso\php-sdk\src\LibExtism.php on line 101
[24-Jan-2024 14:09:55 UTC] PHP Fatal error:  Throwing from FFI callbacks is not allowed in D:\dylibso\php-sdk\src\LibExtism.php on line 101
[24-Jan-2024 14:10:14 UTC] PHP Fatal error:  Throwing from FFI callbacks is not allowed in D:\dylibso\php-sdk\src\LibExtism.php on line 101
[24-Jan-2024 14:10:23 UTC] PHP Fatal error:  Throwing from FFI callbacks is not allowed in D:\dylibso\php-sdk\src\LibExtism.php on line 101
[24-Jan-2024 14:10:38 UTC] PHP Fatal error:  Throwing from FFI callbacks is not allowed in D:\dylibso\php-sdk\src\LibExtism.php on line 101
[24-Jan-2024 14:11:06 UTC] PHP Fatal error:  Throwing from FFI callbacks is not allowed in D:\dylibso\php-sdk\src\LibExtism.php on line 101
[24-Jan-2024 14:11:35 UTC] PHP Fatal error:  Throwing from FFI callbacks is not allowed in D:\dylibso\php-sdk\src\LibExtism.php on line 101
[24-Jan-2024 14:12:14 UTC] PHP Fatal error:  Throwing from FFI callbacks is not allowed in D:\dylibso\php-sdk\src\LibExtism.php on line 101
[24-Jan-2024 14:12:32 UTC] PHP Fatal error:  Throwing from FFI callbacks is not allowed in D:\dylibso\php-sdk\src\LibExtism.php on line 101
[24-Jan-2024 14:12:50 UTC] PHP Fatal error:  Throwing from FFI callbacks is not allowed in D:\dylibso\php-sdk\src\LibExtism.php on line 101
[24-Jan-2024 14:13:06 UTC] PHP Fatal error:  Throwing from FFI callbacks is not allowed in D:\dylibso\php-sdk\src\LibExtism.php on line 101
[24-Jan-2024 14:13:16 UTC] PHP Fatal error:  Throwing from FFI callbacks is not allowed in D:\dylibso\php-sdk\src\LibExtism.php on line 101
[24-Jan-2024 14:13:36 UTC] PHP Fatal error:  Throwing from FFI callbacks is not allowed in D:\dylibso\php-sdk\src\LibExtism.php on line 101
[24-Jan-2024 14:13:57 UTC] PHP Fatal error:  Throwing from FFI callbacks is not allowed in D:\dylibso\php-sdk\src\LibExtism.php on line 101
[24-Jan-2024 14:14:32 UTC] PHP Fatal error:  Throwing from FFI callbacks is not allowed in D:\dylibso\php-sdk\src\LibExtism.php on line 101
[24-Jan-2024 14:14:53 UTC] PHP Fatal error:  Throwing from FFI callbacks is not allowed in D:\dylibso\php-sdk\src\LibExtism.php on line 101
[24-Jan-2024 14:15:18 UTC] PHP Fatal error:  Throwing from FFI callbacks is not allowed in D:\dylibso\php-sdk\src\LibExtism.php on line 101
[24-Jan-2024 14:15:37 UTC] PHP Fatal error:  Throwing from FFI callbacks is not allowed in D:\dylibso\php-sdk\src\LibExtism.php on line 101
[24-Jan-2024 14:16:40 UTC] PHP Fatal error:  Throwing from FFI callbacks is not allowed in D:\dylibso\php-sdk\src\LibExtism.php on line 101
[24-Jan-2024 14:17:20 UTC] PHP Fatal error:  Throwing from FFI callbacks is not allowed in D:\dylibso\php-sdk\src\LibExtism.php on line 101
[24-Jan-2024 14:17:53 UTC] PHP Fatal error:  Throwing from FFI callbacks is not allowed in D:\dylibso\php-sdk\src\LibExtism.php on line 101
[24-Jan-2024 14:18:15 UTC] PHP Fatal error:  Throwing from FFI callbacks is not allowed in D:\dylibso\php-sdk\src\LibExtism.php on line 101
[24-Jan-2024 14:18:42 UTC] PHP Fatal error:  Throwing from FFI callbacks is not allowed in D:\dylibso\php-sdk\src\LibExtism.php on line 101
[24-Jan-2024 14:19:14 UTC] PHP Fatal error:  Throwing from FFI callbacks is not allowed in D:\dylibso\php-sdk\src\LibExtism.php on line 101
[24-Jan-2024 14:19:34 UTC] PHP Fatal error:  Throwing from FFI callbacks is not allowed in D:\dylibso\php-sdk\src\LibExtism.php on line 101
[24-Jan-2024 14:20:01 UTC] PHP Fatal error:  Throwing from FFI callbacks is not allowed in D:\dylibso\php-sdk\src\LibExtism.php on line 101
[24-Jan-2024 14:50:18 UTC] PHP Fatal error:  Throwing from FFI callbacks is not allowed in D:\dylibso\php-sdk\src\LibExtism.php on line 101
[24-Jan-2024 14:51:47 UTC] PHP Fatal error:  Throwing from FFI callbacks is not allowed in D:\dylibso\php-sdk\src\LibExtism.php on line 101
[24-Jan-2024 14:52:32 UTC] PHP Fatal error:  Throwing from FFI callbacks is not allowed in D:\dylibso\php-sdk\src\LibExtism.php on line 101
[24-Jan-2024 14:52:51 UTC] PHP Fatal error:  Throwing from FFI callbacks is not allowed in D:\dylibso\php-sdk\src\LibExtism.php on line 101
[24-Jan-2024 14:53:01 UTC] PHP Fatal error:  Throwing from FFI callbacks is not allowed in D:\dylibso\php-sdk\src\LibExtism.php on line 101
[24-Jan-2024 14:58:58 UTC] PHP Fatal error:  Throwing from FFI callbacks is not allowed in D:\dylibso\php-sdk\src\LibExtism.php on line 101
[24-Jan-2024 14:59:19 UTC] PHP Fatal error:  Throwing from FFI callbacks is not allowed in D:\dylibso\php-sdk\src\LibExtism.php on line 101
[24-Jan-2024 15:00:32 UTC] PHP Fatal error:  Throwing from FFI callbacks is not allowed in D:\dylibso\php-sdk\src\LibExtism.php on line 101
[24-Jan-2024 15:02:16 UTC] PHP Fatal error:  Throwing from FFI callbacks is not allowed in D:\dylibso\php-sdk\src\LibExtism.php on line 101
[24-Jan-2024 15:02:30 UTC] PHP Fatal error:  Throwing from FFI callbacks is not allowed in D:\dylibso\php-sdk\src\LibExtism.php on line 101
[24-Jan-2024 15:28:42 UTC] PHP Fatal error:  Throwing from FFI callbacks is not allowed in D:\dylibso\php-sdk\src\LibExtism.php on line 101
